<?xml version="1.0" encoding="UTF-8"?>
<coverage generated="1691427389427" clover="3.2.0">
  <project timestamp="1691427389427" name="All files">
    <metrics statements="22" coveredstatements="22" conditionals="6" coveredconditionals="6" methods="3" coveredmethods="3" elements="31" coveredelements="31" complexity="0" loc="22" ncloc="22" packages="1" files="2" classes="2"/>
    <file name="buildTree.js" path="/root/difference/src/buildTree.js">
      <metrics statements="13" coveredstatements="13" conditionals="6" coveredconditionals="6" methods="2" coveredmethods="2"/>
      <line num="3" count="1" type="stmt"/>
      <line num="4" count="1" type="stmt"/>
      <line num="5" count="1" type="stmt"/>
      <line num="6" count="1" type="stmt"/>
      <line num="7" count="1" type="stmt"/>
      <line num="8" count="5" type="cond" truecount="2" falsecount="0"/>
      <line num="9" count="2" type="stmt"/>
      <line num="11" count="3" type="cond" truecount="2" falsecount="0"/>
      <line num="12" count="1" type="stmt"/>
      <line num="14" count="2" type="cond" truecount="2" falsecount="0"/>
      <line num="15" count="1" type="stmt"/>
      <line num="17" count="1" type="stmt"/>
      <line num="19" count="1" type="stmt"/>
    </file>
    <file name="index.js" path="/root/difference/src/index.js">
      <metrics statements="9" coveredstatements="9" conditionals="0" coveredconditionals="0" methods="1" coveredmethods="1"/>
      <line num="6" count="1" type="stmt"/>
      <line num="8" count="1" type="stmt"/>
      <line num="9" count="1" type="stmt"/>
      <line num="11" count="1" type="stmt"/>
      <line num="12" count="1" type="stmt"/>
      <line num="14" count="1" type="stmt"/>
      <line num="15" count="1" type="stmt"/>
      <line num="17" count="1" type="stmt"/>
      <line num="18" count="1" type="stmt"/>
    </file>
  </project>
</coverage>
